[www.kikosnailsandspa.com/index.html]
[backblue.gif]
[fade.gif]
[index.html]
[content.pancake.vn/1/s71x50/fwebp/bc/73/58/e3/b183b7a7b06ad738cb59d027b4397f6f194a3025b54d605bf71a637e-w_1747-h_1241-l_2655489-t_image/png.png]
[content.pancake.vn/1/s3160x1580/fwebp/ca/99/b9/48/bb1317d3eb0863773faab4d78b7e374d9d1cc46d9d6fa915c8abda6a-w_3780-h_1890-l_8795768-t_image/png.png]
[content.pancake.vn/1/s781x1167/fwebp/24/09/13/ff/59cebe1b398acae873f216c0ace025e0de4b56b14b7c6b41a8f292e6-w_1200-h_1792-l_216602-t_image/jpeg.jpg]
[content.pancake.vn/1/s580x870/fwebp/c9/ba/c6/be/909a5fd6a9e4c061c88f7d056e8e1e9d6444fb274e834ad3cc83ac2e-w_728-h_1092-l_61460-t_image/jpeg.jpg]
[content.pancake.vn/1/s735x523/fwebp/bc/73/58/e3/b183b7a7b06ad738cb59d027b4397f6f194a3025b54d605bf71a637e-w_1747-h_1241-l_2655489-t_image/png.png]
[content.pancake.vn/1/s484x466/fwebp/cc/0f/76/df/15cdc421537308e60a17d7f7f9cd0259a99fa4c793dac374f53d346d-w_510-h_490-l_197246-t_image/png.png]
[content.pancake.vn/1/s460x460/fwebp/d3/ca/d3/a0/74aef7143b891c23fb5458236261bf708788be0a69a49f9f308b6959-w_512-h_512-l_24129-t_image/png.png]
[content.pancake.vn/1/s460x460/fwebp/85/ed/55/ee/912c2b63cc33b726559cec70a25a7ba6a959d6eb357c6b52d94a9ede-w_512-h_512-l_19893-t_image/png.png]
[content.pancake.vn/1/s460x460/fwebp/f9/a6/dd/24/7441436792d344fd7f9a45bed6d372a9d2c5e0c2787c3f7d5de41a68-w_512-h_512-l_30246-t_image/png.png]
[content.pancake.vn/1/s460x460/fwebp/a9/7d/64/b6/6eb8045c0f8c0c9e5f798e915f82a8ad92fb132e760df28bad0b19f1-w_512-h_512-l_23329-t_image/png.png]
[content.pancake.vn/1/s460x460/fwebp/df/1f/53/7e/d67c18afeacccd980a585dd66199213bf5f7c7110a52ef3883765bd1-w_512-h_512-l_22192-t_image/png.png]
[content.pancake.vn/1/s460x460/fwebp/26/6a/3e/8a/cfd82296d96c97e0a3cf8113e1a061dd5e74201eb3c63b78a4e63b05-w_512-h_512-l_14282-t_image/png.png]
[content.pancake.vn/1/fwebp/8b/c7/f6/87/6fddd639aa42f39173a93079a9b4a980fd02928738862f191263d083-w_736-h_978-l_352386-t_image/png.png]
[content.pancake.vn/1/fwebp/a0/4f/06/76/abdd737439c7e74eccc717bcef3909a8e556e5d8b50ab8ce72ebd0fe-w_736-h_920-l_56534-t_image/jpeg.jpg]
[content.pancake.vn/1/fwebp/ee/6d/eb/f9/478d09d24f02059b3af00a4b2f6f9549233c6f78732ef2963e7ef0af-w_550-h_559-l_43964-t_image/jpeg.jpg]
[content.pancake.vn/1/fwebp/09/82/b2/bd/d771c12a0c6f75302098f8faabfad628086475611fab158ccd4fd056-w_736-h_1104-l_60730-t_image/jpeg.jpg]
[content.pancake.vn/1/fwebp/e1/d9/83/3d/a904e2ffaa804b4cbf91a3220c6df1a76495d49460ca4d4a58a6bbdc-w_736-h_1097-l_64958-t_image/jpeg.jpg]
[content.pancake.vn/1/fwebp/1b/9b/ee/78/9a15aa27f1575bf6b0ebb22fd9acd94d18f6bb864f7a9c99a0c718da-w_800-h_800-l_94908-t_image/jpeg.jpg]
[content.pancake.vn/1/fwebp/06/47/dd/f8/01766bbd2b0d0ba2b25cbda594cdaf8f944a5f483a89fb903098f0f1-w_720-h_1280-l_71565-t_image/jpeg.jpg]
[content.pancake.vn/1/fwebp/d9/96/50/7e/f571ab3ce82e38e3b789cdd7cd3584b4ffd10b6cadf8711211b7f22d-w_1200-h_900-l_169659-t_image/jpeg.jpg]
[content.pancake.vn/1/fwebp/1d/bf/a8/1c/d8561ba6de18eb5d568f04887aabee196f3a8bd7029780a2f6cdb4c1-w_736-h_736-l_34072-t_image/jpeg.jpg]
[content.pancake.vn/1/s920x920/fwebp/60/a2/b6/46/98a5698c59b531c0e63468ff5b85a18e576e6835ba89cbc6fb06110f-w_1000-h_1000-l_94608-t_image/jpeg.jpg]
[content.pancake.vn/1/fwebp/1c/71/35/d6/8a08e918633f74c5c1b7d1b3fac1f252bd54beffb1364ae06394bc99-w_736-h_799-l_46342-t_image/jpeg.jpg]
[content.pancake.vn/1/s920x1150/fwebp/fa/14/e5/8f/0b02c9be1daae16e7f2eb4bcee0978a348b3c5b1267978a9c94ce4f2-w_1200-h_1500-l_157120-t_image/jpeg.jpg]
[content.pancake.vn/1/s3160x1580/fwebp/13/5c/5e/e4/0ead3e2f5510d7f747537b0f946d2ac82d9f8bbc33bd770432567f6e-w_3780-h_1890-l_10522301-t_image/png.png]
[content.pancake.vn/1/s744x529/fwebp/bc/73/58/e3/b183b7a7b06ad738cb59d027b4397f6f194a3025b54d605bf71a637e-w_1747-h_1241-l_2655489-t_image/png.png]
[content.pancake.vn/1/s840x420/fwebp/ca/99/b9/48/bb1317d3eb0863773faab4d78b7e374d9d1cc46d9d6fa915c8abda6a-w_3780-h_1890-l_8795768-t_image/png.png]
[content.pancake.vn/1/s886x1324/fwebp/24/09/13/ff/59cebe1b398acae873f216c0ace025e0de4b56b14b7c6b41a8f292e6-w_1200-h_1792-l_216602-t_image/jpeg.jpg]
[content.pancake.vn/1/s614x921/fwebp/c9/ba/c6/be/909a5fd6a9e4c061c88f7d056e8e1e9d6444fb274e834ad3cc83ac2e-w_728-h_1092-l_61460-t_image/jpeg.jpg]
[content.pancake.vn/1/s480x462/fwebp/cc/0f/76/df/15cdc421537308e60a17d7f7f9cd0259a99fa4c793dac374f53d346d-w_510-h_490-l_197246-t_image/png.png]
[content.pancake.vn/1/s840x420/fwebp/13/5c/5e/e4/0ead3e2f5510d7f747537b0f946d2ac82d9f8bbc33bd770432567f6e-w_3780-h_1890-l_10522301-t_image/png.png]
[api.webcake.io/animate/animatev43860.css]
[api.webcake.io/render_iconfont/iconfont3860.css]
[www.kikosnailsandspa.com/webcake/v4/d6859f5f-880c-429e-a1ca-4865e9ddefa0]
[www.kikosnailsandspa.com/page_view7f05.gif]
[a.pancake.vn/js/fingerprint.js]
[www.kikosnailsandspa.com/index.html]
[api.webcake.io/animate/animatev43860.css]
[api.webcake.io/render_iconfont/iconfontbd18.woff2]
[api.webcake.io/render_iconfont/iconfontbd18.woff]
[api.webcake.io/render_iconfont/iconfontbd18.ttf]
[api.webcake.io/render_iconfont/iconfont3860.css]
